Saving File..  insta_1502360336.txt
Fetching data...
Data fetch complete: [urban]
Saved Caption for # urban
Fetching data...
Data fetch complete: [sweet]
Saved Caption for # sweet
Fetching data...
Data fetch complete: [women]
Saved Caption for # women
Fetching data...
Data fetch complete: [sportsbrav]
Saved Caption for # sportsbrav
Fetching data...
Data fetch complete: [art]
Saved Caption for # art
Fetching data...
Data fetch complete: [love]
Saved Caption for # love
Fetching data...
Data fetch complete: [family]
Saved Caption for # family
Fetching data...
Data fetch complete: [guy]
Saved Caption for # guy
Fetching data...
Data fetch complete: [funny]
Saved Caption for # funny
Fetching data...
Data fetch complete: [me]
Saved Caption for # me
Fetching data...
Data fetch complete: [freeway]
Saved Caption for # freeway
Fetching data...
Data fetch complete: [court]
Saved Caption for # court
Fetching data...
Data fetch complete: [training]
Saved Caption for # training
Fetching data...
Data fetch complete: [crowd]
Saved Caption for # crowd
Fetching data...
Data fetch complete: [street]
Saved Caption for # street
Fetching data...
Data fetch complete: [season]
Saved Caption for # season
Fetching data...
Data fetch complete: [city]
Saved Caption for # city
Fetching data...
Data fetch complete: [fitness]
Saved Caption for # fitness
Fetching data...
Data fetch complete: [sketchbook]
Saved Caption for # sketchbook
Fetching data...
Data fetch complete: [goodtime]
Saved Caption for # goodtime
Fetching data...
Data fetch complete: [water]
Saved Caption for # water
Fetching data...
Data fetch complete: [player]
Saved Caption for # player
Fetching data...
Data fetch complete: [score]
Saved Caption for # score
Fetching data...
Data fetch complete: [exercise]
Saved Caption for # exercise
Fetching data...
Data fetch complete: [cool]
Saved Caption for # cool
Fetching data...
Data fetch complete: [bff]
Saved Caption for # bff
Fetching data...
Data fetch complete: [illustration]
Saved Caption for # illustration
Fetching data...
Data fetch complete: [justdoit]
Saved Caption for # justdoit
Fetching data...
Data fetch complete: [summer]
Saved Caption for # summer
Fetching data...
Data fetch complete: [life]
Saved Caption for # life
Fetching data...
Data fetch complete: [instamood]
Saved Caption for # instamood
Fetching data...
Data fetch complete: [instaartist]
Saved Caption for # instaartist
Fetching data...
Data fetch complete: [tagblender]
Saved Caption for # tagblender
Fetching data...
Data fetch complete: [blue]
Saved Caption for # blue
Fetching data...
Data fetch complete: [yogaforlovers]
Saved Caption for # yogaforlovers
Fetching data...
Data fetch complete: [loveit]
Saved Caption for # loveit
Fetching data...
Data fetch complete: [bestfriend]
Saved Caption for # bestfriend
Fetching data...
Data fetch complete: [fitnessmodel]
Saved Caption for # fitnessmodel
Fetching data...
Data fetch complete: [TagsForLikes]
Saved Caption for # TagsForLikes
Fetching data...
Data fetch complete: [fashion]
Saved Caption for # fashion
Fetching data...
Data fetch complete: [creative]
Saved Caption for # creative
Fetching data...
Data fetch complete: [picture]
Saved Caption for # picture
Fetching data...
Data fetch complete: [sexy]
Saved Caption for # sexy
Fetching data...
Data fetch complete: [road]
Saved Caption for # road
Fetching data...
Data fetch complete: [architecture]
Saved Caption for # architecture
Fetching data...
Data fetch complete: [heart]
Saved Caption for # heart
Fetching data...
Data fetch complete: [igyoga]
Saved Caption for # igyoga
Fetching data...
Data fetch complete: [beautiful]
Saved Caption for # beautiful
Fetching data...
Data fetch complete: [gym]
Saved Caption for # gym
Fetching data...
Data fetch complete: [cardio]
Saved Caption for # cardio
Fetching data...
Data fetch complete: [orange]
Saved Caption for # orange
Fetching data...
Data fetch complete: [workout]
Saved Caption for # workout
Fetching data...
Data fetch complete: [artoftheday]
Saved Caption for # artoftheday
Fetching data...
Data fetch complete: [green]
Saved Caption for # green
Fetching data...
Data fetch complete: [town]
Saved Caption for # town
Fetching data...
Data fetch complete: [artsy]
Saved Caption for # artsy
Fetching data...
Data fetch complete: [gallery]
Saved Caption for # gallery
Fetching data...
Data fetch complete: [sports]
Saved Caption for # sports
Fetching data...
Data fetch complete: [pool]
Saved Caption for # pool
Fetching data...
Data fetch complete: [watersport]
Saved Caption for # watersport
Fetching data...
Data fetch complete: [draw]
Saved Caption for # draw
Fetching data...
Data fetch complete: [instarun]
Saved Caption for # instarun
Fetching data...
Data fetch complete: [style]
Saved Caption for # style
Fetching data...
Data fetch complete: [cars]
Saved Caption for # cars
Fetching data...
Data fetch complete: [hot]
Saved Caption for # hot
Fetching data...
Data fetch complete: [siblings]
Saved Caption for # siblings
Fetching data...
Data fetch complete: [pencil]
Saved Caption for # pencil
Fetching data...
Data fetch complete: [yogapose]
Saved Caption for # yogapose
Fetching data...
Data fetch complete: [artist]
Saved Caption for # artist
Fetching data...
Data fetch complete: [fun]
Saved Caption for # fun
Fetching data...
Data fetch complete: [masterpiece]
Saved Caption for # masterpiece
Fetching data...
Data fetch complete: [cute]
Saved Caption for # cute
Fetching data...
Data fetch complete: [instagood]
Saved Caption for # instagood
Fetching data...
Data fetch complete: [train]
Saved Caption for # train
Fetching data...
Data fetch complete: [vehicles]
Saved Caption for # vehicles
Fetching data...
Data fetch complete: [ride]
Saved Caption for # ride
Fetching data...
Data fetch complete: [face]
Saved Caption for # face
Fetching data...
Data fetch complete: [figure]
Saved Caption for # figure
Fetching data...
Data fetch complete: [christmas]
Saved Caption for # christmas
Fetching data...
Data fetch complete: [drawing]
Saved Caption for # drawing
Fetching data...
Data fetch complete: [health]
Saved Caption for # health
Fetching data...
Data fetch complete: [instaart]
Saved Caption for # instaart
Fetching data...
Data fetch complete: [best]
Saved Caption for # best
Fetching data...
Data fetch complete: [sketch]
Saved Caption for # sketch
Fetching data...
Data fetch complete: [hair]
Saved Caption for # hair
Fetching data...
Data fetch complete: [girl]
Saved Caption for # girl
Fetching data...
Data fetch complete: [graphic]
Saved Caption for # graphic
Fetching data...
Data fetch complete: [clearsky]
Saved Caption for # clearsky
Fetching data...
Data fetch complete: [graphics]
Saved Caption for # graphics
Fetching data...
Data fetch complete: [fantastic]
Saved Caption for # fantastic
Fetching data...
Data fetch complete: [sporty]
Saved Caption for # sporty
Fetching data...
Data fetch complete: [vibes]
Saved Caption for # vibes
Fetching data...
Data fetch complete: [pen]
Saved Caption for # pen
Fetching data...
Data fetch complete: [tattoos]
Saved Caption for # tattoos
Fetching data...
Data fetch complete: [vacation]
Saved Caption for # vacation
Fetching data...
Data fetch complete: [winner]
Saved Caption for # winner
Fetching data...
Data fetch complete: [nature]
Saved Caption for # nature
Fetching data...
Data fetch complete: [instayoga]
Saved Caption for # instayoga
Fetching data...
Data fetch complete: [red]
Saved Caption for # red
Fetching data...
Data fetch complete: [pouring]
Saved Caption for # pouring
Fetching data...
Data fetch complete: [paper]
Saved Caption for # paper
Fetching data...
Data fetch complete: [somuchfun]
Saved Caption for # somuchfun
Fetching data...
Data fetch complete: [photooftheday]
Saved Caption for # photooftheday
Fetching data...
Data fetch complete: [swim]
Saved Caption for # swim
Fetching data...
Data fetch complete: [active]
Saved Caption for # active
Fetching data...
Data fetch complete: [healthy]
Saved Caption for # healthy
Task Completed in: 199.0 minutes
