CRITICAL:root:The maximum length is 67
INFO:root:x_train: 99647, x_dev: 11072, x_test: 12303
INFO:root:y_train: 99647, y_dev: 11072, y_test: 12303
INFO:root:Accuracy on dev set: 0.35386560693641617
WARNING:tensorflow:*******************************************************
WARNING:tensorflow:*******************************************************
WARNING:tensorflow:TensorFlow's V1 checkpoint format has been deprecated.
WARNING:tensorflow:TensorFlow's V1 checkpoint format has been deprecated.
WARNING:tensorflow:Consider switching to the more efficient V2 format:
WARNING:tensorflow:Consider switching to the more efficient V2 format:
WARNING:tensorflow:   `tf.train.Saver(write_version=tf.train.SaverDef.V2)`
WARNING:tensorflow:   `tf.train.Saver(write_version=tf.train.SaverDef.V2)`
WARNING:tensorflow:now on by default.
WARNING:tensorflow:now on by default.
WARNING:tensorflow:*******************************************************
WARNING:tensorflow:*******************************************************
CRITICAL:root:Saved model ./checkpoints_1502115011/model-100 at step 100
CRITICAL:root:Best accuracy 0.35386560693641617 at step 100
INFO:root:Accuracy on dev set: 0.40634031791907516
WARNING:tensorflow:*******************************************************
WARNING:tensorflow:*******************************************************
WARNING:tensorflow:TensorFlow's V1 checkpoint format has been deprecated.
WARNING:tensorflow:TensorFlow's V1 checkpoint format has been deprecated.
WARNING:tensorflow:Consider switching to the more efficient V2 format:
WARNING:tensorflow:Consider switching to the more efficient V2 format:
WARNING:tensorflow:   `tf.train.Saver(write_version=tf.train.SaverDef.V2)`
WARNING:tensorflow:   `tf.train.Saver(write_version=tf.train.SaverDef.V2)`
WARNING:tensorflow:now on by default.
WARNING:tensorflow:now on by default.
WARNING:tensorflow:*******************************************************
WARNING:tensorflow:*******************************************************
CRITICAL:root:Saved model ./checkpoints_1502115011/model-200 at step 200
CRITICAL:root:Best accuracy 0.40634031791907516 at step 200
INFO:root:Accuracy on dev set: 0.4648663294797688
WARNING:tensorflow:*******************************************************
WARNING:tensorflow:*******************************************************
WARNING:tensorflow:TensorFlow's V1 checkpoint format has been deprecated.
WARNING:tensorflow:TensorFlow's V1 checkpoint format has been deprecated.
WARNING:tensorflow:Consider switching to the more efficient V2 format:
WARNING:tensorflow:Consider switching to the more efficient V2 format:
WARNING:tensorflow:   `tf.train.Saver(write_version=tf.train.SaverDef.V2)`
WARNING:tensorflow:   `tf.train.Saver(write_version=tf.train.SaverDef.V2)`
WARNING:tensorflow:now on by default.
WARNING:tensorflow:now on by default.
WARNING:tensorflow:*******************************************************
WARNING:tensorflow:*******************************************************
CRITICAL:root:Saved model ./checkpoints_1502115011/model-300 at step 300
CRITICAL:root:Best accuracy 0.4648663294797688 at step 300
INFO:root:Accuracy on dev set: 0.5261018786127167
WARNING:tensorflow:*******************************************************
WARNING:tensorflow:*******************************************************
WARNING:tensorflow:TensorFlow's V1 checkpoint format has been deprecated.
WARNING:tensorflow:TensorFlow's V1 checkpoint format has been deprecated.
WARNING:tensorflow:Consider switching to the more efficient V2 format:
WARNING:tensorflow:Consider switching to the more efficient V2 format:
WARNING:tensorflow:   `tf.train.Saver(write_version=tf.train.SaverDef.V2)`
WARNING:tensorflow:   `tf.train.Saver(write_version=tf.train.SaverDef.V2)`
WARNING:tensorflow:now on by default.
WARNING:tensorflow:now on by default.
WARNING:tensorflow:*******************************************************
WARNING:tensorflow:*******************************************************
CRITICAL:root:Saved model ./checkpoints_1502115011/model-400 at step 400
CRITICAL:root:Best accuracy 0.5261018786127167 at step 400
INFO:root:Accuracy on dev set: 0.6028721098265896
WARNING:tensorflow:*******************************************************
WARNING:tensorflow:*******************************************************
WARNING:tensorflow:TensorFlow's V1 checkpoint format has been deprecated.
WARNING:tensorflow:TensorFlow's V1 checkpoint format has been deprecated.
WARNING:tensorflow:Consider switching to the more efficient V2 format:
WARNING:tensorflow:Consider switching to the more efficient V2 format:
WARNING:tensorflow:   `tf.train.Saver(write_version=tf.train.SaverDef.V2)`
WARNING:tensorflow:   `tf.train.Saver(write_version=tf.train.SaverDef.V2)`
WARNING:tensorflow:now on by default.
WARNING:tensorflow:now on by default.
WARNING:tensorflow:*******************************************************
WARNING:tensorflow:*******************************************************
CRITICAL:root:Saved model ./checkpoints_1502115011/model-500 at step 500
CRITICAL:root:Best accuracy 0.6028721098265896 at step 500
INFO:root:Accuracy on dev set: 0.6477601156069365
WARNING:tensorflow:*******************************************************
WARNING:tensorflow:*******************************************************
WARNING:tensorflow:TensorFlow's V1 checkpoint format has been deprecated.
WARNING:tensorflow:TensorFlow's V1 checkpoint format has been deprecated.
WARNING:tensorflow:Consider switching to the more efficient V2 format:
WARNING:tensorflow:Consider switching to the more efficient V2 format:
WARNING:tensorflow:   `tf.train.Saver(write_version=tf.train.SaverDef.V2)`
WARNING:tensorflow:   `tf.train.Saver(write_version=tf.train.SaverDef.V2)`
WARNING:tensorflow:now on by default.
WARNING:tensorflow:now on by default.
WARNING:tensorflow:*******************************************************
WARNING:tensorflow:*******************************************************
CRITICAL:root:Saved model ./checkpoints_1502115011/model-600 at step 600
CRITICAL:root:Best accuracy 0.6477601156069365 at step 600
INFO:root:Accuracy on dev set: 0.6601336705202312
WARNING:tensorflow:*******************************************************
WARNING:tensorflow:*******************************************************
WARNING:tensorflow:TensorFlow's V1 checkpoint format has been deprecated.
WARNING:tensorflow:TensorFlow's V1 checkpoint format has been deprecated.
WARNING:tensorflow:Consider switching to the more efficient V2 format:
WARNING:tensorflow:Consider switching to the more efficient V2 format:
WARNING:tensorflow:   `tf.train.Saver(write_version=tf.train.SaverDef.V2)`
WARNING:tensorflow:   `tf.train.Saver(write_version=tf.train.SaverDef.V2)`
WARNING:tensorflow:now on by default.
WARNING:tensorflow:now on by default.
WARNING:tensorflow:*******************************************************
WARNING:tensorflow:*******************************************************
CRITICAL:root:Saved model ./checkpoints_1502115011/model-700 at step 700
CRITICAL:root:Best accuracy 0.6601336705202312 at step 700
INFO:root:Accuracy on dev set: 0.6974349710982659
WARNING:tensorflow:*******************************************************
WARNING:tensorflow:*******************************************************
WARNING:tensorflow:TensorFlow's V1 checkpoint format has been deprecated.
WARNING:tensorflow:TensorFlow's V1 checkpoint format has been deprecated.
WARNING:tensorflow:Consider switching to the more efficient V2 format:
WARNING:tensorflow:Consider switching to the more efficient V2 format:
WARNING:tensorflow:   `tf.train.Saver(write_version=tf.train.SaverDef.V2)`
WARNING:tensorflow:   `tf.train.Saver(write_version=tf.train.SaverDef.V2)`
WARNING:tensorflow:now on by default.
WARNING:tensorflow:now on by default.
WARNING:tensorflow:*******************************************************
WARNING:tensorflow:*******************************************************
CRITICAL:root:Saved model ./checkpoints_1502115011/model-800 at step 800
CRITICAL:root:Best accuracy 0.6974349710982659 at step 800
INFO:root:Accuracy on dev set: 0.7292268786127167
WARNING:tensorflow:*******************************************************
WARNING:tensorflow:*******************************************************
WARNING:tensorflow:TensorFlow's V1 checkpoint format has been deprecated.
WARNING:tensorflow:TensorFlow's V1 checkpoint format has been deprecated.
WARNING:tensorflow:Consider switching to the more efficient V2 format:
WARNING:tensorflow:Consider switching to the more efficient V2 format:
WARNING:tensorflow:   `tf.train.Saver(write_version=tf.train.SaverDef.V2)`
WARNING:tensorflow:   `tf.train.Saver(write_version=tf.train.SaverDef.V2)`
WARNING:tensorflow:now on by default.
WARNING:tensorflow:now on by default.
WARNING:tensorflow:*******************************************************
WARNING:tensorflow:*******************************************************
CRITICAL:root:Saved model ./checkpoints_1502115011/model-900 at step 900
CRITICAL:root:Best accuracy 0.7292268786127167 at step 900
INFO:root:Accuracy on dev set: 0.7554190751445087
WARNING:tensorflow:*******************************************************
WARNING:tensorflow:*******************************************************
WARNING:tensorflow:TensorFlow's V1 checkpoint format has been deprecated.
WARNING:tensorflow:TensorFlow's V1 checkpoint format has been deprecated.
WARNING:tensorflow:Consider switching to the more efficient V2 format:
WARNING:tensorflow:Consider switching to the more efficient V2 format:
WARNING:tensorflow:   `tf.train.Saver(write_version=tf.train.SaverDef.V2)`
WARNING:tensorflow:   `tf.train.Saver(write_version=tf.train.SaverDef.V2)`
WARNING:tensorflow:now on by default.
WARNING:tensorflow:now on by default.
WARNING:tensorflow:*******************************************************
WARNING:tensorflow:*******************************************************
CRITICAL:root:Saved model ./checkpoints_1502115011/model-1000 at step 1000
CRITICAL:root:Best accuracy 0.7554190751445087 at step 1000
INFO:root:Accuracy on dev set: 0.7574060693641619
WARNING:tensorflow:*******************************************************
WARNING:tensorflow:*******************************************************
WARNING:tensorflow:TensorFlow's V1 checkpoint format has been deprecated.
WARNING:tensorflow:TensorFlow's V1 checkpoint format has been deprecated.
WARNING:tensorflow:Consider switching to the more efficient V2 format:
WARNING:tensorflow:Consider switching to the more efficient V2 format:
WARNING:tensorflow:   `tf.train.Saver(write_version=tf.train.SaverDef.V2)`
WARNING:tensorflow:   `tf.train.Saver(write_version=tf.train.SaverDef.V2)`
WARNING:tensorflow:now on by default.
WARNING:tensorflow:now on by default.
WARNING:tensorflow:*******************************************************
WARNING:tensorflow:*******************************************************
CRITICAL:root:Saved model ./checkpoints_1502115011/model-1100 at step 1100
CRITICAL:root:Best accuracy 0.7574060693641619 at step 1100
INFO:root:Accuracy on dev set: 0.7690570809248555
WARNING:tensorflow:*******************************************************
WARNING:tensorflow:*******************************************************
WARNING:tensorflow:TensorFlow's V1 checkpoint format has been deprecated.
WARNING:tensorflow:TensorFlow's V1 checkpoint format has been deprecated.
WARNING:tensorflow:Consider switching to the more efficient V2 format:
WARNING:tensorflow:Consider switching to the more efficient V2 format:
WARNING:tensorflow:   `tf.train.Saver(write_version=tf.train.SaverDef.V2)`
WARNING:tensorflow:   `tf.train.Saver(write_version=tf.train.SaverDef.V2)`
WARNING:tensorflow:now on by default.
WARNING:tensorflow:now on by default.
WARNING:tensorflow:*******************************************************
WARNING:tensorflow:*******************************************************
CRITICAL:root:Saved model ./checkpoints_1502115011/model-1200 at step 1200
CRITICAL:root:Best accuracy 0.7690570809248555 at step 1200
INFO:root:Accuracy on dev set: 0.7951589595375722
WARNING:tensorflow:*******************************************************
WARNING:tensorflow:*******************************************************
WARNING:tensorflow:TensorFlow's V1 checkpoint format has been deprecated.
WARNING:tensorflow:TensorFlow's V1 checkpoint format has been deprecated.
WARNING:tensorflow:Consider switching to the more efficient V2 format:
WARNING:tensorflow:Consider switching to the more efficient V2 format:
WARNING:tensorflow:   `tf.train.Saver(write_version=tf.train.SaverDef.V2)`
WARNING:tensorflow:   `tf.train.Saver(write_version=tf.train.SaverDef.V2)`
WARNING:tensorflow:now on by default.
WARNING:tensorflow:now on by default.
WARNING:tensorflow:*******************************************************
WARNING:tensorflow:*******************************************************
CRITICAL:root:Saved model ./checkpoints_1502115011/model-1300 at step 1300
CRITICAL:root:Best accuracy 0.7951589595375722 at step 1300
INFO:root:Accuracy on dev set: 0.8065390173410405
WARNING:tensorflow:*******************************************************
WARNING:tensorflow:*******************************************************
WARNING:tensorflow:TensorFlow's V1 checkpoint format has been deprecated.
WARNING:tensorflow:TensorFlow's V1 checkpoint format has been deprecated.
WARNING:tensorflow:Consider switching to the more efficient V2 format:
WARNING:tensorflow:Consider switching to the more efficient V2 format:
WARNING:tensorflow:   `tf.train.Saver(write_version=tf.train.SaverDef.V2)`
WARNING:tensorflow:   `tf.train.Saver(write_version=tf.train.SaverDef.V2)`
WARNING:tensorflow:now on by default.
WARNING:tensorflow:now on by default.
WARNING:tensorflow:*******************************************************
WARNING:tensorflow:*******************************************************
CRITICAL:root:Saved model ./checkpoints_1502115011/model-1400 at step 1400
CRITICAL:root:Best accuracy 0.8065390173410405 at step 1400
INFO:root:Accuracy on dev set: 0.8219833815028902
WARNING:tensorflow:*******************************************************
WARNING:tensorflow:*******************************************************
WARNING:tensorflow:TensorFlow's V1 checkpoint format has been deprecated.
WARNING:tensorflow:TensorFlow's V1 checkpoint format has been deprecated.
WARNING:tensorflow:Consider switching to the more efficient V2 format:
WARNING:tensorflow:Consider switching to the more efficient V2 format:
WARNING:tensorflow:   `tf.train.Saver(write_version=tf.train.SaverDef.V2)`
WARNING:tensorflow:   `tf.train.Saver(write_version=tf.train.SaverDef.V2)`
WARNING:tensorflow:now on by default.
WARNING:tensorflow:now on by default.
WARNING:tensorflow:*******************************************************
WARNING:tensorflow:*******************************************************
CRITICAL:root:Saved model ./checkpoints_1502115011/model-1500 at step 1500
CRITICAL:root:Best accuracy 0.8219833815028902 at step 1500
INFO:root:Accuracy on dev set: 0.8247832369942196
WARNING:tensorflow:*******************************************************
WARNING:tensorflow:*******************************************************
WARNING:tensorflow:TensorFlow's V1 checkpoint format has been deprecated.
WARNING:tensorflow:TensorFlow's V1 checkpoint format has been deprecated.
WARNING:tensorflow:Consider switching to the more efficient V2 format:
WARNING:tensorflow:Consider switching to the more efficient V2 format:
WARNING:tensorflow:   `tf.train.Saver(write_version=tf.train.SaverDef.V2)`
WARNING:tensorflow:   `tf.train.Saver(write_version=tf.train.SaverDef.V2)`
WARNING:tensorflow:now on by default.
WARNING:tensorflow:now on by default.
WARNING:tensorflow:*******************************************************
WARNING:tensorflow:*******************************************************
CRITICAL:root:Saved model ./checkpoints_1502115011/model-1600 at step 1600
CRITICAL:root:Best accuracy 0.8247832369942196 at step 1600
INFO:root:Accuracy on dev set: 0.8253251445086706
WARNING:tensorflow:*******************************************************
WARNING:tensorflow:*******************************************************
WARNING:tensorflow:TensorFlow's V1 checkpoint format has been deprecated.
WARNING:tensorflow:TensorFlow's V1 checkpoint format has been deprecated.
WARNING:tensorflow:Consider switching to the more efficient V2 format:
WARNING:tensorflow:Consider switching to the more efficient V2 format:
WARNING:tensorflow:   `tf.train.Saver(write_version=tf.train.SaverDef.V2)`
WARNING:tensorflow:   `tf.train.Saver(write_version=tf.train.SaverDef.V2)`
WARNING:tensorflow:now on by default.
WARNING:tensorflow:now on by default.
WARNING:tensorflow:*******************************************************
WARNING:tensorflow:*******************************************************
CRITICAL:root:Saved model ./checkpoints_1502115011/model-1700 at step 1700
CRITICAL:root:Best accuracy 0.8253251445086706 at step 1700
INFO:root:Accuracy on dev set: 0.8432984104046243
WARNING:tensorflow:*******************************************************
WARNING:tensorflow:*******************************************************
WARNING:tensorflow:TensorFlow's V1 checkpoint format has been deprecated.
WARNING:tensorflow:TensorFlow's V1 checkpoint format has been deprecated.
WARNING:tensorflow:Consider switching to the more efficient V2 format:
WARNING:tensorflow:Consider switching to the more efficient V2 format:
WARNING:tensorflow:   `tf.train.Saver(write_version=tf.train.SaverDef.V2)`
WARNING:tensorflow:   `tf.train.Saver(write_version=tf.train.SaverDef.V2)`
WARNING:tensorflow:now on by default.
WARNING:tensorflow:now on by default.
WARNING:tensorflow:*******************************************************
WARNING:tensorflow:*******************************************************
CRITICAL:root:Saved model ./checkpoints_1502115011/model-1800 at step 1800
CRITICAL:root:Best accuracy 0.8432984104046243 at step 1800
INFO:root:Accuracy on dev set: 0.8205382947976878
INFO:root:Accuracy on dev set: 0.8527817919075145
WARNING:tensorflow:*******************************************************
WARNING:tensorflow:*******************************************************
WARNING:tensorflow:TensorFlow's V1 checkpoint format has been deprecated.
WARNING:tensorflow:TensorFlow's V1 checkpoint format has been deprecated.
WARNING:tensorflow:Consider switching to the more efficient V2 format:
WARNING:tensorflow:Consider switching to the more efficient V2 format:
WARNING:tensorflow:   `tf.train.Saver(write_version=tf.train.SaverDef.V2)`
WARNING:tensorflow:   `tf.train.Saver(write_version=tf.train.SaverDef.V2)`
WARNING:tensorflow:now on by default.
WARNING:tensorflow:now on by default.
WARNING:tensorflow:*******************************************************
WARNING:tensorflow:*******************************************************
CRITICAL:root:Saved model ./checkpoints_1502115011/model-2000 at step 2000
CRITICAL:root:Best accuracy 0.8527817919075145 at step 2000
INFO:root:Accuracy on dev set: 0.8480852601156069
INFO:root:Accuracy on dev set: 0.846278901734104
INFO:root:Accuracy on dev set: 0.8495303468208093
INFO:root:Accuracy on dev set: 0.864432803468208
WARNING:tensorflow:*******************************************************
WARNING:tensorflow:*******************************************************
WARNING:tensorflow:TensorFlow's V1 checkpoint format has been deprecated.
WARNING:tensorflow:TensorFlow's V1 checkpoint format has been deprecated.
WARNING:tensorflow:Consider switching to the more efficient V2 format:
WARNING:tensorflow:Consider switching to the more efficient V2 format:
WARNING:tensorflow:   `tf.train.Saver(write_version=tf.train.SaverDef.V2)`
WARNING:tensorflow:   `tf.train.Saver(write_version=tf.train.SaverDef.V2)`
WARNING:tensorflow:now on by default.
WARNING:tensorflow:now on by default.
WARNING:tensorflow:*******************************************************
WARNING:tensorflow:*******************************************************
CRITICAL:root:Saved model ./checkpoints_1502115011/model-2400 at step 2400
CRITICAL:root:Best accuracy 0.864432803468208 at step 2400
INFO:root:Accuracy on dev set: 0.8771676300578035
WARNING:tensorflow:*******************************************************
WARNING:tensorflow:*******************************************************
WARNING:tensorflow:TensorFlow's V1 checkpoint format has been deprecated.
WARNING:tensorflow:TensorFlow's V1 checkpoint format has been deprecated.
WARNING:tensorflow:Consider switching to the more efficient V2 format:
WARNING:tensorflow:Consider switching to the more efficient V2 format:
WARNING:tensorflow:   `tf.train.Saver(write_version=tf.train.SaverDef.V2)`
WARNING:tensorflow:   `tf.train.Saver(write_version=tf.train.SaverDef.V2)`
WARNING:tensorflow:now on by default.
WARNING:tensorflow:now on by default.
WARNING:tensorflow:*******************************************************
WARNING:tensorflow:*******************************************************
CRITICAL:root:Saved model ./checkpoints_1502115011/model-2500 at step 2500
CRITICAL:root:Best accuracy 0.8771676300578035 at step 2500
INFO:root:Accuracy on dev set: 0.8726517341040463
INFO:root:Accuracy on dev set: 0.8827673410404624
WARNING:tensorflow:*******************************************************
WARNING:tensorflow:*******************************************************
WARNING:tensorflow:TensorFlow's V1 checkpoint format has been deprecated.
WARNING:tensorflow:TensorFlow's V1 checkpoint format has been deprecated.
WARNING:tensorflow:Consider switching to the more efficient V2 format:
WARNING:tensorflow:Consider switching to the more efficient V2 format:
WARNING:tensorflow:   `tf.train.Saver(write_version=tf.train.SaverDef.V2)`
WARNING:tensorflow:   `tf.train.Saver(write_version=tf.train.SaverDef.V2)`
WARNING:tensorflow:now on by default.
WARNING:tensorflow:now on by default.
WARNING:tensorflow:*******************************************************
WARNING:tensorflow:*******************************************************
CRITICAL:root:Saved model ./checkpoints_1502115011/model-2700 at step 2700
CRITICAL:root:Best accuracy 0.8827673410404624 at step 2700
INFO:root:Accuracy on dev set: 0.8847543352601156
WARNING:tensorflow:*******************************************************
WARNING:tensorflow:*******************************************************
WARNING:tensorflow:TensorFlow's V1 checkpoint format has been deprecated.
WARNING:tensorflow:TensorFlow's V1 checkpoint format has been deprecated.
WARNING:tensorflow:Consider switching to the more efficient V2 format:
WARNING:tensorflow:Consider switching to the more efficient V2 format:
WARNING:tensorflow:   `tf.train.Saver(write_version=tf.train.SaverDef.V2)`
WARNING:tensorflow:   `tf.train.Saver(write_version=tf.train.SaverDef.V2)`
WARNING:tensorflow:now on by default.
WARNING:tensorflow:now on by default.
WARNING:tensorflow:*******************************************************
WARNING:tensorflow:*******************************************************
CRITICAL:root:Saved model ./checkpoints_1502115011/model-2800 at step 2800
CRITICAL:root:Best accuracy 0.8847543352601156 at step 2800
INFO:root:Accuracy on dev set: 0.890625
WARNING:tensorflow:*******************************************************
WARNING:tensorflow:*******************************************************
WARNING:tensorflow:TensorFlow's V1 checkpoint format has been deprecated.
WARNING:tensorflow:TensorFlow's V1 checkpoint format has been deprecated.
WARNING:tensorflow:Consider switching to the more efficient V2 format:
WARNING:tensorflow:Consider switching to the more efficient V2 format:
WARNING:tensorflow:   `tf.train.Saver(write_version=tf.train.SaverDef.V2)`
WARNING:tensorflow:   `tf.train.Saver(write_version=tf.train.SaverDef.V2)`
WARNING:tensorflow:now on by default.
WARNING:tensorflow:now on by default.
WARNING:tensorflow:*******************************************************
WARNING:tensorflow:*******************************************************
CRITICAL:root:Saved model ./checkpoints_1502115011/model-2900 at step 2900
CRITICAL:root:Best accuracy 0.890625 at step 2900
INFO:root:Accuracy on dev set: 0.893153901734104
WARNING:tensorflow:*******************************************************
WARNING:tensorflow:*******************************************************
WARNING:tensorflow:TensorFlow's V1 checkpoint format has been deprecated.
WARNING:tensorflow:TensorFlow's V1 checkpoint format has been deprecated.
WARNING:tensorflow:Consider switching to the more efficient V2 format:
WARNING:tensorflow:Consider switching to the more efficient V2 format:
WARNING:tensorflow:   `tf.train.Saver(write_version=tf.train.SaverDef.V2)`
WARNING:tensorflow:   `tf.train.Saver(write_version=tf.train.SaverDef.V2)`
WARNING:tensorflow:now on by default.
WARNING:tensorflow:now on by default.
WARNING:tensorflow:*******************************************************
WARNING:tensorflow:*******************************************************
CRITICAL:root:Saved model ./checkpoints_1502115011/model-3000 at step 3000
CRITICAL:root:Best accuracy 0.893153901734104 at step 3000
INFO:root:Accuracy on dev set: 0.8881864161849711
INFO:root:Accuracy on dev set: 0.9010115606936416
WARNING:tensorflow:*******************************************************
WARNING:tensorflow:*******************************************************
WARNING:tensorflow:TensorFlow's V1 checkpoint format has been deprecated.
WARNING:tensorflow:TensorFlow's V1 checkpoint format has been deprecated.
WARNING:tensorflow:Consider switching to the more efficient V2 format:
WARNING:tensorflow:Consider switching to the more efficient V2 format:
WARNING:tensorflow:   `tf.train.Saver(write_version=tf.train.SaverDef.V2)`
WARNING:tensorflow:   `tf.train.Saver(write_version=tf.train.SaverDef.V2)`
WARNING:tensorflow:now on by default.
WARNING:tensorflow:now on by default.
WARNING:tensorflow:*******************************************************
WARNING:tensorflow:*******************************************************
CRITICAL:root:Saved model ./checkpoints_1502115011/model-3200 at step 3200
CRITICAL:root:Best accuracy 0.9010115606936416 at step 3200
INFO:root:Accuracy on dev set: 0.8983923410404624
INFO:root:Accuracy on dev set: 0.9078757225433526
WARNING:tensorflow:*******************************************************
WARNING:tensorflow:*******************************************************
WARNING:tensorflow:TensorFlow's V1 checkpoint format has been deprecated.
WARNING:tensorflow:TensorFlow's V1 checkpoint format has been deprecated.
WARNING:tensorflow:Consider switching to the more efficient V2 format:
WARNING:tensorflow:Consider switching to the more efficient V2 format:
WARNING:tensorflow:   `tf.train.Saver(write_version=tf.train.SaverDef.V2)`
WARNING:tensorflow:   `tf.train.Saver(write_version=tf.train.SaverDef.V2)`
WARNING:tensorflow:now on by default.
WARNING:tensorflow:now on by default.
WARNING:tensorflow:*******************************************************
WARNING:tensorflow:*******************************************************
CRITICAL:root:Saved model ./checkpoints_1502115011/model-3400 at step 3400
CRITICAL:root:Best accuracy 0.9078757225433526 at step 3400
INFO:root:Accuracy on dev set: 0.9023663294797688
INFO:root:Accuracy on dev set: 0.9151011560693642
WARNING:tensorflow:*******************************************************
WARNING:tensorflow:*******************************************************
WARNING:tensorflow:TensorFlow's V1 checkpoint format has been deprecated.
WARNING:tensorflow:TensorFlow's V1 checkpoint format has been deprecated.
WARNING:tensorflow:Consider switching to the more efficient V2 format:
WARNING:tensorflow:Consider switching to the more efficient V2 format:
WARNING:tensorflow:   `tf.train.Saver(write_version=tf.train.SaverDef.V2)`
WARNING:tensorflow:   `tf.train.Saver(write_version=tf.train.SaverDef.V2)`
WARNING:tensorflow:now on by default.
WARNING:tensorflow:now on by default.
WARNING:tensorflow:*******************************************************
WARNING:tensorflow:*******************************************************
CRITICAL:root:Saved model ./checkpoints_1502115011/model-3600 at step 3600
CRITICAL:root:Best accuracy 0.9151011560693642 at step 3600
INFO:root:Accuracy on dev set: 0.9155527456647399
WARNING:tensorflow:*******************************************************
WARNING:tensorflow:*******************************************************
WARNING:tensorflow:TensorFlow's V1 checkpoint format has been deprecated.
WARNING:tensorflow:TensorFlow's V1 checkpoint format has been deprecated.
WARNING:tensorflow:Consider switching to the more efficient V2 format:
WARNING:tensorflow:Consider switching to the more efficient V2 format:
WARNING:tensorflow:   `tf.train.Saver(write_version=tf.train.SaverDef.V2)`
WARNING:tensorflow:   `tf.train.Saver(write_version=tf.train.SaverDef.V2)`
WARNING:tensorflow:now on by default.
WARNING:tensorflow:now on by default.
WARNING:tensorflow:*******************************************************
WARNING:tensorflow:*******************************************************
CRITICAL:root:Saved model ./checkpoints_1502115011/model-3700 at step 3700
CRITICAL:root:Best accuracy 0.9155527456647399 at step 3700
INFO:root:Accuracy on dev set: 0.9174494219653179
WARNING:tensorflow:*******************************************************
WARNING:tensorflow:*******************************************************
WARNING:tensorflow:TensorFlow's V1 checkpoint format has been deprecated.
WARNING:tensorflow:TensorFlow's V1 checkpoint format has been deprecated.
WARNING:tensorflow:Consider switching to the more efficient V2 format:
WARNING:tensorflow:Consider switching to the more efficient V2 format:
WARNING:tensorflow:   `tf.train.Saver(write_version=tf.train.SaverDef.V2)`
WARNING:tensorflow:   `tf.train.Saver(write_version=tf.train.SaverDef.V2)`
WARNING:tensorflow:now on by default.
WARNING:tensorflow:now on by default.
WARNING:tensorflow:*******************************************************
WARNING:tensorflow:*******************************************************
CRITICAL:root:Saved model ./checkpoints_1502115011/model-3800 at step 3800
CRITICAL:root:Best accuracy 0.9174494219653179 at step 3800
INFO:root:Accuracy on dev set: 0.9196170520231214
WARNING:tensorflow:*******************************************************
WARNING:tensorflow:*******************************************************
WARNING:tensorflow:TensorFlow's V1 checkpoint format has been deprecated.
WARNING:tensorflow:TensorFlow's V1 checkpoint format has been deprecated.
WARNING:tensorflow:Consider switching to the more efficient V2 format:
WARNING:tensorflow:Consider switching to the more efficient V2 format:
WARNING:tensorflow:   `tf.train.Saver(write_version=tf.train.SaverDef.V2)`
WARNING:tensorflow:   `tf.train.Saver(write_version=tf.train.SaverDef.V2)`
WARNING:tensorflow:now on by default.
WARNING:tensorflow:now on by default.
WARNING:tensorflow:*******************************************************
WARNING:tensorflow:*******************************************************
CRITICAL:root:Saved model ./checkpoints_1502115011/model-3900 at step 3900
CRITICAL:root:Best accuracy 0.9196170520231214 at step 3900
CRITICAL:root:Training is complete, testing the best model on x_test and y_test
INFO:tensorflow:Restoring parameters from ./checkpoints_1502115011/model-3900
INFO:tensorflow:Restoring parameters from ./checkpoints_1502115011/model-3900
CRITICAL:root:Accuracy on test set: 0.9145736812159636
Traceback (most recent call last):
  File "train.py", line 163, in <module>
    train_cnn_rnn()
  File "train.py", line 21, in train_cnn_rnn
    x_, y_, vocabulary, vocabulary_inv, df, labels = data_helper.load_data(input_file)
  File "/root/cortex-ai/src/cortex/tcategorizer/data_helper.py", line 97, in load_data
    x_raw = df[selected[0]].apply(lambda x: clean_str(x).split(' ')).tolist()
  File "/usr/local/lib/python3.5/dist-packages/pandas/core/series.py", line 2355, in apply
    mapped = lib.map_infer(values, f, convert=convert_dtype)
  File "pandas/_libs/src/inference.pyx", line 1574, in pandas._libs.lib.map_infer (pandas/_libs/lib.c:66645)
  File "/root/cortex-ai/src/cortex/tcategorizer/data_helper.py", line 97, in <lambda>
    x_raw = df[selected[0]].apply(lambda x: clean_str(x).split(' ')).tolist()
  File "/root/cortex-ai/src/cortex/tcategorizer/data_helper.py", line 22, in clean_str
    s = re.sub(r'!', ' ! ', s)
  File "/usr/lib/python3.5/re.py", line 182, in sub
    return _compile(pattern, flags).sub(repl, string, count)
KeyboardInterrupt
CRITICAL:root:The maximum length is 70
Traceback (most recent call last):
  File "train.py", line 163, in <module>
    train_cnn_rnn()
  File "train.py", line 27, in train_cnn_rnn
    word_embeddings = data_helper.load_embeddings(vocabulary)
  File "/root/cortex-ai/src/cortex/tcategorizer/data_helper.py", line 32, in load_embeddings
    word_embeddings[word] = np.random.uniform(-0.25, 0.25, 300)
KeyboardInterrupt
